<?xml version="1.0" encoding="UTF-8"?>
<!-- Generated by org.testng.reporters.JUnitReportReporter -->
<testsuite hostname="EPINHYDW00CA" failures="0" tests="1" name="tests.MethodTests" time="1.773" errors="0" timestamp="2022-09-12T18:32:51 IST" skipped="0">
  <testcase classname="tests.MethodTests" name="testGetRequest" time="1.773"/>
  <system-out/>
</testsuite> <!-- tests.MethodTests -->
